<?xml version="1.0" encoding="UTF-8"?>
<testng-results skipped="0" failed="0" ignored="0" total="10" passed="10">
  <reporter-output>
  </reporter-output>
  <suite name="Surefire suite" duration-ms="167260" started-at="2022-05-14T17:51:29 EET" finished-at="2022-05-14T17:54:16 EET">
    <groups>
      <group name="cucumber">
        <method signature="AbstractTestNGCucumberTests.runScenario(io.cucumber.testng.PickleWrapper,io.cucumber.testng.FeatureWrapper)[pri:0, instance:Runners.TestRunner@4a87761d]" name="runScenario" class="io.cucumber.testng.AbstractTestNGCucumberTests"/>
      </group> <!-- cucumber -->
    </groups>
    <test name="Surefire test" duration-ms="167260" started-at="2022-05-14T17:51:29 EET" finished-at="2022-05-14T17:54:16 EET">
      <class name="Runners.TestRunner">
        <test-method status="PASS" signature="setUpClass(org.testng.ITestContext)[pri:0, instance:Runners.TestRunner@4a87761d]" name="setUpClass" is-config="true" duration-ms="425" started-at="2022-05-14T17:51:29 EET" finished-at="2022-05-14T17:51:29 EET">
          <params>
            <param index="0">
              <value>
                <![CDATA[org.testng.TestRunner@696fad31]]>
              </value>
            </param>
          </params>
          <reporter-output>
          </reporter-output>
        </test-method> <!-- setUpClass -->
        <test-method status="PASS" signature="runScenario(io.cucumber.testng.PickleWrapper,io.cucumber.testng.FeatureWrapper)[pri:0, instance:Runners.TestRunner@4a87761d]" name="runScenario" duration-ms="20023" started-at="2022-05-14T17:51:29 EET" description="Runs Cucumber Scenarios" data-provider="scenarios" finished-at="2022-05-14T17:51:49 EET">
          <params>
            <param index="0">
              <value>
                <![CDATA["Logged user could compare products"]]>
              </value>
            </param>
            <param index="1">
              <value>
                <![CDATA["user can add different products to cart"]]>
              </value>
            </param>
          </params>
          <reporter-output>
          </reporter-output>
        </test-method> <!-- runScenario -->
        <test-method status="PASS" signature="runScenario(io.cucumber.testng.PickleWrapper,io.cucumber.testng.FeatureWrapper)[pri:0, instance:Runners.TestRunner@4a87761d]" name="runScenario" duration-ms="12597" started-at="2022-05-14T17:51:49 EET" description="Runs Cucumber Scenarios" data-provider="scenarios" finished-at="2022-05-14T17:52:02 EET">
          <params>
            <param index="0">
              <value>
                <![CDATA["Logged User could switch between currencies US-Euro"]]>
              </value>
            </param>
            <param index="1">
              <value>
                <![CDATA["User can change currency for us to euro"]]>
              </value>
            </param>
          </params>
          <reporter-output>
          </reporter-output>
        </test-method> <!-- runScenario -->
        <test-method status="PASS" signature="runScenario(io.cucumber.testng.PickleWrapper,io.cucumber.testng.FeatureWrapper)[pri:0, instance:Runners.TestRunner@4a87761d]" name="runScenario" duration-ms="16524" started-at="2022-05-14T17:52:02 EET" description="Runs Cucumber Scenarios" data-provider="scenarios" finished-at="2022-05-14T17:52:18 EET">
          <params>
            <param index="0">
              <value>
                <![CDATA["Logged user could filter with color"]]>
              </value>
            </param>
            <param index="1">
              <value>
                <![CDATA["User should be able to filter listings by color"]]>
              </value>
            </param>
          </params>
          <reporter-output>
          </reporter-output>
        </test-method> <!-- runScenario -->
        <test-method status="PASS" signature="runScenario(io.cucumber.testng.PickleWrapper,io.cucumber.testng.FeatureWrapper)[pri:0, instance:Runners.TestRunner@4a87761d]" name="runScenario" duration-ms="11742" started-at="2022-05-14T17:52:18 EET" description="Runs Cucumber Scenarios" data-provider="scenarios" finished-at="2022-05-14T17:52:30 EET">
          <params>
            <param index="0">
              <value>
                <![CDATA["User is able to reset password successfully"]]>
              </value>
            </param>
            <param index="1">
              <value>
                <![CDATA["User can forget password"]]>
              </value>
            </param>
          </params>
          <reporter-output>
          </reporter-output>
        </test-method> <!-- runScenario -->
        <test-method status="PASS" signature="runScenario(io.cucumber.testng.PickleWrapper,io.cucumber.testng.FeatureWrapper)[pri:0, instance:Runners.TestRunner@4a87761d]" name="runScenario" duration-ms="13733" started-at="2022-05-14T17:52:30 EET" description="Runs Cucumber Scenarios" data-provider="scenarios" finished-at="2022-05-14T17:52:44 EET">
          <params>
            <param index="0">
              <value>
                <![CDATA["User could log in with valid email and password"]]>
              </value>
            </param>
            <param index="1">
              <value>
                <![CDATA["User Can login successfully"]]>
              </value>
            </param>
          </params>
          <reporter-output>
          </reporter-output>
        </test-method> <!-- runScenario -->
        <test-method status="PASS" signature="runScenario(io.cucumber.testng.PickleWrapper,io.cucumber.testng.FeatureWrapper)[pri:0, instance:Runners.TestRunner@4a87761d]" name="runScenario" duration-ms="19885" started-at="2022-05-14T17:52:44 EET" description="Runs Cucumber Scenarios" data-provider="scenarios" finished-at="2022-05-14T17:53:04 EET">
          <params>
            <param index="0">
              <value>
                <![CDATA["User registering with valid data"]]>
              </value>
            </param>
            <param index="1">
              <value>
                <![CDATA["User could register with valid data"]]>
              </value>
            </param>
          </params>
          <reporter-output>
          </reporter-output>
        </test-method> <!-- runScenario -->
        <test-method status="PASS" signature="runScenario(io.cucumber.testng.PickleWrapper,io.cucumber.testng.FeatureWrapper)[pri:0, instance:Runners.TestRunner@4a87761d]" name="runScenario" duration-ms="9859" started-at="2022-05-14T17:53:04 EET" description="Runs Cucumber Scenarios" data-provider="scenarios" finished-at="2022-05-14T17:53:14 EET">
          <params>
            <param index="0">
              <value>
                <![CDATA["Logged User could search for any product"]]>
              </value>
            </param>
            <param index="1">
              <value>
                <![CDATA["User actions"]]>
              </value>
            </param>
          </params>
          <reporter-output>
          </reporter-output>
        </test-method> <!-- runScenario -->
        <test-method status="PASS" signature="runScenario(io.cucumber.testng.PickleWrapper,io.cucumber.testng.FeatureWrapper)[pri:0, instance:Runners.TestRunner@4a87761d]" name="runScenario" duration-ms="17359" started-at="2022-05-14T17:53:14 EET" description="Runs Cucumber Scenarios" data-provider="scenarios" finished-at="2022-05-14T17:53:31 EET">
          <params>
            <param index="0">
              <value>
                <![CDATA["Logged user could select different tags"]]>
              </value>
            </param>
            <param index="1">
              <value>
                <![CDATA["filter by tag"]]>
              </value>
            </param>
          </params>
          <reporter-output>
          </reporter-output>
        </test-method> <!-- runScenario -->
        <test-method status="PASS" signature="runScenario(io.cucumber.testng.PickleWrapper,io.cucumber.testng.FeatureWrapper)[pri:0, instance:Runners.TestRunner@4a87761d]" name="runScenario" duration-ms="26860" started-at="2022-05-14T17:53:31 EET" description="Runs Cucumber Scenarios" data-provider="scenarios" finished-at="2022-05-14T17:53:58 EET">
          <params>
            <param index="0">
              <value>
                <![CDATA["Logged user could select different Categories"]]>
              </value>
            </param>
            <param index="1">
              <value>
                <![CDATA["user can switch between categories"]]>
              </value>
            </param>
          </params>
          <reporter-output>
          </reporter-output>
        </test-method> <!-- runScenario -->
        <test-method status="PASS" signature="runScenario(io.cucumber.testng.PickleWrapper,io.cucumber.testng.FeatureWrapper)[pri:0, instance:Runners.TestRunner@4a87761d]" name="runScenario" duration-ms="18159" started-at="2022-05-14T17:53:58 EET" description="Runs Cucumber Scenarios" data-provider="scenarios" finished-at="2022-05-14T17:54:16 EET">
          <params>
            <param index="0">
              <value>
                <![CDATA["Logged user could add different products to wishlist"]]>
              </value>
            </param>
            <param index="1">
              <value>
                <![CDATA["user can add different products to cart"]]>
              </value>
            </param>
          </params>
          <reporter-output>
          </reporter-output>
        </test-method> <!-- runScenario -->
        <test-method status="PASS" signature="tearDownClass()[pri:0, instance:Runners.TestRunner@4a87761d]" name="tearDownClass" is-config="true" duration-ms="78" started-at="2022-05-14T17:54:16 EET" finished-at="2022-05-14T17:54:16 EET">
          <reporter-output>
          </reporter-output>
        </test-method> <!-- tearDownClass -->
      </class> <!-- Runners.TestRunner -->
    </test> <!-- Surefire test -->
  </suite> <!-- Surefire suite -->
</testng-results>
