<?xml version="1.0" encoding="UTF-8"?>
<testsuite xmlns:xsi="http://www.w3.org/2001/XMLSchema-instance" xsi:noNamespaceSchemaLocation="https://maven.apache.org/surefire/maven-surefire-plugin/xsd/surefire-test-report.xsd" name="Runners.TestRunner" time="167.654" tests="10" errors="0" skipped="0" failures="0">
  <properties>
[...]
</properties>
  <testcase name="runScenario" classname="Runners.TestRunner" time="20.023"/>
  <testcase name="runScenario" classname="Runners.TestRunner" time="12.597"/>
  <testcase name="runScenario" classname="Runners.TestRunner" time="16.524"/>
  <testcase name="runScenario" classname="Runners.TestRunner" time="11.742"/>
  <testcase name="runScenario" classname="Runners.TestRunner" time="13.733"/>
  <testcase name="runScenario" classname="Runners.TestRunner" time="19.885"/>
  <testcase name="runScenario" classname="Runners.TestRunner" time="9.859"/>
  <testcase name="runScenario" classname="Runners.TestRunner" time="17.359"/>
  <testcase name="runScenario" classname="Runners.TestRunner" time="26.86"/>
  <testcase name="runScenario" classname="Runners.TestRunner" time="18.159"/>
</testsuite>